<?xml version="1.0" encoding="UTF-8" ?>
<testsuite failures="0" time="0.011" errors="0" skipped="0" tests="6" name="com.bc.layer.ViewportTest">
  <properties>
[...]
</properties>
  <testcase time="0.001" classname="com.bc.layer.ViewportTest" name="testDefaultSettings"/>
  <testcase time="0" classname="com.bc.layer.ViewportTest" name="testTransformAreNotLife"/>
  <testcase time="0.001" classname="com.bc.layer.ViewportTest" name="testInverse"/>
  <testcase time="0" classname="com.bc.layer.ViewportTest" name="testPanning"/>
  <testcase time="0" classname="com.bc.layer.ViewportTest" name="testZooming"/>
  <testcase time="0.001" classname="com.bc.layer.ViewportTest" name="testRelativeZoomWithAffineTransform"/>
</testsuite>